<?xml version="1.0" encoding="UTF-8"?>
<!-- Generated by org.testng.reporters.JUnitXMLReporter -->
<testsuite hostname="LAPTOP-1HPIPLEK" ignored="3" name="Delete Portfolio" tests="2" failures="0" timestamp="2022-08-25T20:26:01 SGT" time="0.008" errors="0">
  <testcase name="doLogin" time="0.001" classname="testcases.rediff.Session"/>
  <testcase name="deletePortfolio" time="0.001" classname="testcases.rediff.PortfolioManagement"/>
  <testcase name="doLogout" time="0.0" classname="testcases.rediff.Session">
    <ignored/>
  </testcase> <!-- doLogout -->
  <testcase name="@BeforeTest beforeTest" time="0.0" classname="testbase.BaseTest">
    <ignored/>
  </testcase> <!-- @BeforeTest beforeTest -->
  <testcase name="createPortfolio" time="0.0" classname="testcases.rediff.PortfolioManagement">
    <ignored/>
  </testcase> <!-- createPortfolio -->
</testsuite> <!-- Delete Portfolio -->
