<?xml version="1.0" encoding="UTF-8"?>
<!-- Generated by org.testng.reporters.JUnitXMLReporter -->
<testsuite hostname="LAPTOP-1HPIPLEK" ignored="6" name="Modify Stock Test - Sell Stock" tests="5" failures="5" timestamp="2022-09-04T21:25:37 SGT" time="0.047" errors="0">
  <testcase name="selectPortFolio" time="0.001" classname="testcases.rediff.PortfolioManagement">
    <failure type="java.lang.NullPointerException">
      <![CDATA[java.lang.NullPointerException
at testcases.rediff.PortfolioManagement.selectPortFolio(PortfolioManagement.java:59)
at java.util.ArrayList.forEach(ArrayList.java:1259)
... Removed 27 stack frames]]>
    </failure>
  </testcase> <!-- selectPortFolio -->
  <testcase name="verifyStockPresent" time="0.002" classname="testcases.rediff.StockManagement">
    <failure type="java.lang.IllegalArgumentException" message="Input must be set">
      <![CDATA[java.lang.IllegalArgumentException: Input must be set
at org.openqa.selenium.internal.Require.nonNull(Require.java:59)
at org.openqa.selenium.support.ui.FluentWait.<init>(FluentWait.java:97)
at org.openqa.selenium.support.ui.WebDriverWait.<init>(WebDriverWait.java:77)
at org.openqa.selenium.support.ui.WebDriverWait.<init>(WebDriverWait.java:46)
at keywords.GenericKeywords.isElementPresent(GenericKeywords.java:137)
at keywords.GenericKeywords.getElement(GenericKeywords.java:107)
at keywords.GenericKeywords.getRowNumWithCellData(GenericKeywords.java:307)
at testcases.rediff.StockManagement.verifyStockPresent(StockManagement.java:76)
at java.util.ArrayList.forEach(ArrayList.java:1259)
... Removed 27 stack frames]]>
    </failure>
  </testcase> <!-- verifyStockPresent -->
  <testcase name="modifyStock" time="0.001" classname="testcases.rediff.StockManagement">
    <failure type="java.lang.IllegalArgumentException" message="Input must be set">
      <![CDATA[java.lang.IllegalArgumentException: Input must be set
at org.openqa.selenium.internal.Require.nonNull(Require.java:59)
at org.openqa.selenium.support.ui.FluentWait.<init>(FluentWait.java:97)
at org.openqa.selenium.support.ui.WebDriverWait.<init>(WebDriverWait.java:77)
at org.openqa.selenium.support.ui.WebDriverWait.<init>(WebDriverWait.java:46)
at keywords.GenericKeywords.isElementPresent(GenericKeywords.java:137)
at keywords.GenericKeywords.getElement(GenericKeywords.java:107)
at keywords.GenericKeywords.getRowNumWithCellData(GenericKeywords.java:307)
at keywords.ApplicationKeywords.findCurrentStockQuantity(ApplicationKeywords.java:86)
at testcases.rediff.StockManagement.modifyStock(StockManagement.java:52)
at java.util.ArrayList.forEach(ArrayList.java:1259)
... Removed 27 stack frames]]>
    </failure>
  </testcase> <!-- modifyStock -->
  <testcase name="verifyStockQuantity" time="0.001" classname="testcases.rediff.StockManagement">
    <failure type="java.lang.IllegalArgumentException" message="Input must be set">
      <![CDATA[java.lang.IllegalArgumentException: Input must be set
at org.openqa.selenium.internal.Require.nonNull(Require.java:59)
at org.openqa.selenium.support.ui.FluentWait.<init>(FluentWait.java:97)
at org.openqa.selenium.support.ui.WebDriverWait.<init>(WebDriverWait.java:77)
at org.openqa.selenium.support.ui.WebDriverWait.<init>(WebDriverWait.java:46)
at keywords.GenericKeywords.isElementPresent(GenericKeywords.java:137)
at keywords.GenericKeywords.getElement(GenericKeywords.java:107)
at keywords.GenericKeywords.getRowNumWithCellData(GenericKeywords.java:307)
at keywords.ApplicationKeywords.findCurrentStockQuantity(ApplicationKeywords.java:86)
at testcases.rediff.StockManagement.verifyStockQuantity(StockManagement.java:96)
at java.util.ArrayList.forEach(ArrayList.java:1259)
... Removed 27 stack frames]]>
    </failure>
  </testcase> <!-- verifyStockQuantity -->
  <testcase name="verifyTransactionHistory" time="0.002" classname="testcases.rediff.StockManagement">
    <failure type="java.lang.IllegalArgumentException" message="Input must be set">
      <![CDATA[java.lang.IllegalArgumentException: Input must be set
at org.openqa.selenium.internal.Require.nonNull(Require.java:59)
at org.openqa.selenium.support.ui.FluentWait.<init>(FluentWait.java:97)
at org.openqa.selenium.support.ui.WebDriverWait.<init>(WebDriverWait.java:77)
at org.openqa.selenium.support.ui.WebDriverWait.<init>(WebDriverWait.java:46)
at keywords.GenericKeywords.isElementPresent(GenericKeywords.java:137)
at keywords.GenericKeywords.getElement(GenericKeywords.java:107)
at keywords.GenericKeywords.getRowNumWithCellData(GenericKeywords.java:307)
at keywords.ApplicationKeywords.goToTransactionHistory(ApplicationKeywords.java:110)
at testcases.rediff.StockManagement.verifyTransactionHistory(StockManagement.java:131)
at java.util.ArrayList.forEach(ArrayList.java:1259)
... Removed 27 stack frames]]>
    </failure>
  </testcase> <!-- verifyTransactionHistory -->
  <testcase name="addNewStock" time="0.0" classname="testcases.rediff.StockManagement">
    <ignored/>
  </testcase> <!-- addNewStock -->
  <testcase name="verifyStockAvgBuyPrice" time="0.0" classname="testcases.rediff.StockManagement">
    <ignored/>
  </testcase> <!-- verifyStockAvgBuyPrice -->
  <testcase name="deletePortfolio" time="0.0" classname="testcases.rediff.PortfolioManagement">
    <ignored/>
  </testcase> <!-- deletePortfolio -->
  <testcase name="@AfterTest quit" time="0.0" classname="testbase.BaseTest">
    <ignored/>
  </testcase> <!-- @AfterTest quit -->
  <testcase name="@BeforeTest beforeTest" time="0.0" classname="testbase.BaseTest">
    <ignored/>
  </testcase> <!-- @BeforeTest beforeTest -->
  <testcase name="createPortfolio" time="0.0" classname="testcases.rediff.PortfolioManagement">
    <ignored/>
  </testcase> <!-- createPortfolio -->
</testsuite> <!-- Modify Stock Test - Sell Stock -->
