<?xml version="1.0" encoding="UTF-8"?>
<testng-results skipped="0" failed="0" ignored="2" total="2" passed="0">
  <reporter-output>
  </reporter-output>
  <suite name="SwagLabs Suite" duration-ms="2830" started-at="2022-09-17T12:29:47 SGT" finished-at="2022-09-17T12:29:50 SGT">
    <groups>
    </groups>
    <test name="Swag Labs Login" duration-ms="2830" started-at="2022-09-17T12:29:47 SGT" finished-at="2022-09-17T12:29:50 SGT">
      <class name="testcases.rediff.SwagLabs">
        <test-method status="PASS" signature="beforeTest(org.testng.ITestContext)[pri:0, instance:testcases.rediff.SwagLabs@28ac3dc3]" name="beforeTest" is-config="true" duration-ms="2528" started-at="2022-09-17T12:29:47 SGT" finished-at="2022-09-17T12:29:50 SGT">
          <params>
            <param index="0">
              <value>
                <![CDATA[org.testng.TestRunner@4b61d0c6]]>
              </value>
            </param>
          </params>
          <reporter-output>
          </reporter-output>
        </test-method> <!-- beforeTest -->
        <test-method status="PASS" signature="quit(org.testng.ITestContext)[pri:0, instance:testcases.rediff.SwagLabs@28ac3dc3]" name="quit" is-config="true" duration-ms="288" started-at="2022-09-17T12:29:50 SGT" finished-at="2022-09-17T12:29:50 SGT">
          <params>
            <param index="0">
              <value>
                <![CDATA[org.testng.TestRunner@4b61d0c6]]>
              </value>
            </param>
          </params>
          <reporter-output>
          </reporter-output>
        </test-method> <!-- quit -->
      </class> <!-- testcases.rediff.SwagLabs -->
    </test> <!-- Swag Labs Login -->
  </suite> <!-- SwagLabs Suite -->
</testng-results>
